2022-12-01T05:39:46.354080Z 0 [Warning] [MY-010915] [Server] 'NO_ZERO_DATE', 'NO_ZERO_IN_DATE' and 'ERROR_FOR_DIVISION_BY_ZERO' sql modes should be used with strict mode. They will be merged with strict mode in a future release.
2022-12-01T05:39:46.355222Z 0 [Warning] [MY-010918] [Server] 'default_authentication_plugin' is deprecated and will be removed in a future release. Please use authentication_policy instead.
2022-12-01T05:39:46.355265Z 0 [System] [MY-010116] [Server] C:\WEB\bin\mysql-8.0\bin\mysqld.exe (mysqld 8.0.31) starting as process 12232
2022-12-01T05:39:46.420195Z 1 [System] [MY-013576] [InnoDB] InnoDB initialization has started.
2022-12-01T05:39:47.147063Z 1 [System] [MY-013577] [InnoDB] InnoDB initialization has ended.
2022-12-01T05:39:47.465128Z 0 [System] [MY-010229] [Server] Starting XA crash recovery...
2022-12-01T05:39:47.469284Z 0 [System] [MY-010232] [Server] XA crash recovery finished.
2022-12-01T05:39:47.565956Z 0 [Warning] [MY-010068] [Server] CA certificate ca.pem is self signed.
2022-12-01T05:39:47.566410Z 0 [System] [MY-013602] [Server] Channel mysql_main configured to support TLS. Encrypted connections are now supported for this channel.
2022-12-01T05:39:47.623962Z 0 [System] [MY-011323] [Server] X Plugin ready for connections. Bind-address: '::' port: 33060
2022-12-01T05:39:47.624177Z 0 [System] [MY-010931] [Server] C:\WEB\bin\mysql-8.0\bin\mysqld.exe: ready for connections. Version: '8.0.31'  socket: ''  port: 3306  MySQL Community Server - GPL.
2022-12-01T14:53:38.026177Z 0 [System] [MY-013105] [Server] C:\WEB\bin\mysql-8.0\bin\mysqld.exe: Normal shutdown.
2022-12-01T14:53:39.419095Z 0 [System] [MY-010910] [Server] C:\WEB\bin\mysql-8.0\bin\mysqld.exe: Shutdown complete (mysqld 8.0.31)  MySQL Community Server - GPL.
2022-12-02T08:28:52.336691Z 0 [Warning] [MY-010915] [Server] 'NO_ZERO_DATE', 'NO_ZERO_IN_DATE' and 'ERROR_FOR_DIVISION_BY_ZERO' sql modes should be used with strict mode. They will be merged with strict mode in a future release.
2022-12-02T08:28:52.336948Z 0 [Warning] [MY-010918] [Server] 'default_authentication_plugin' is deprecated and will be removed in a future release. Please use authentication_policy instead.
2022-12-02T08:28:52.336978Z 0 [System] [MY-010116] [Server] C:\WEB\bin\mysql-8.0\bin\mysqld.exe (mysqld 8.0.31) starting as process 10696
2022-12-02T08:28:52.357848Z 1 [System] [MY-013576] [InnoDB] InnoDB initialization has started.
2022-12-02T08:28:52.996557Z 1 [System] [MY-013577] [InnoDB] InnoDB initialization has ended.
2022-12-02T08:28:53.265915Z 0 [System] [MY-010229] [Server] Starting XA crash recovery...
2022-12-02T08:28:53.270152Z 0 [System] [MY-010232] [Server] XA crash recovery finished.
2022-12-02T08:28:53.369251Z 0 [Warning] [MY-010068] [Server] CA certificate ca.pem is self signed.
2022-12-02T08:28:53.369780Z 0 [System] [MY-013602] [Server] Channel mysql_main configured to support TLS. Encrypted connections are now supported for this channel.
2022-12-02T08:28:53.454188Z 0 [System] [MY-011323] [Server] X Plugin ready for connections. Bind-address: '::' port: 33060
2022-12-02T08:28:53.454402Z 0 [System] [MY-010931] [Server] C:\WEB\bin\mysql-8.0\bin\mysqld.exe: ready for connections. Version: '8.0.31'  socket: ''  port: 3306  MySQL Community Server - GPL.
2022-12-02T09:56:00.115338Z 0 [System] [MY-013105] [Server] C:\WEB\bin\mysql-8.0\bin\mysqld.exe: Normal shutdown.
2022-12-02T09:56:01.332510Z 0 [System] [MY-010910] [Server] C:\WEB\bin\mysql-8.0\bin\mysqld.exe: Shutdown complete (mysqld 8.0.31)  MySQL Community Server - GPL.
2022-12-02T09:56:35.054730Z 0 [Warning] [MY-010915] [Server] 'NO_ZERO_DATE', 'NO_ZERO_IN_DATE' and 'ERROR_FOR_DIVISION_BY_ZERO' sql modes should be used with strict mode. They will be merged with strict mode in a future release.
2022-12-02T09:56:35.090016Z 0 [Warning] [MY-010918] [Server] 'default_authentication_plugin' is deprecated and will be removed in a future release. Please use authentication_policy instead.
2022-12-02T09:56:35.090069Z 0 [System] [MY-010116] [Server] C:\WEB\bin\mysql-8.0\bin\mysqld.exe (mysqld 8.0.31) starting as process 8280
2022-12-02T09:56:35.297775Z 1 [System] [MY-013576] [InnoDB] InnoDB initialization has started.
2022-12-02T09:56:36.335709Z 1 [System] [MY-013577] [InnoDB] InnoDB initialization has ended.
2022-12-02T09:56:37.164350Z 0 [Warning] [MY-010068] [Server] CA certificate ca.pem is self signed.
2022-12-02T09:56:37.165064Z 0 [System] [MY-013602] [Server] Channel mysql_main configured to support TLS. Encrypted connections are now supported for this channel.
2022-12-02T09:56:37.247381Z 0 [System] [MY-011323] [Server] X Plugin ready for connections. Bind-address: '::' port: 33060
2022-12-02T09:56:37.247583Z 0 [System] [MY-010931] [Server] C:\WEB\bin\mysql-8.0\bin\mysqld.exe: ready for connections. Version: '8.0.31'  socket: ''  port: 3306  MySQL Community Server - GPL.
2022-12-09T04:09:02.378443Z 0 [Warning] [MY-010915] [Server] 'NO_ZERO_DATE', 'NO_ZERO_IN_DATE' and 'ERROR_FOR_DIVISION_BY_ZERO' sql modes should be used with strict mode. They will be merged with strict mode in a future release.
2022-12-09T04:09:02.378636Z 0 [Warning] [MY-010918] [Server] 'default_authentication_plugin' is deprecated and will be removed in a future release. Please use authentication_policy instead.
2022-12-09T04:09:02.378664Z 0 [System] [MY-010116] [Server] C:\WEB\bin\mysql-8.0\bin\mysqld.exe (mysqld 8.0.31) starting as process 10956
2022-12-09T04:09:02.398419Z 1 [System] [MY-013576] [InnoDB] InnoDB initialization has started.
2022-12-09T04:09:02.773320Z 1 [System] [MY-013577] [InnoDB] InnoDB initialization has ended.
2022-12-09T04:09:03.161596Z 0 [Warning] [MY-010068] [Server] CA certificate ca.pem is self signed.
2022-12-09T04:09:03.162762Z 0 [System] [MY-013602] [Server] Channel mysql_main configured to support TLS. Encrypted connections are now supported for this channel.
2022-12-09T04:09:03.256263Z 0 [System] [MY-011323] [Server] X Plugin ready for connections. Bind-address: '::' port: 33060
2022-12-09T04:09:03.256530Z 0 [System] [MY-010931] [Server] C:\WEB\bin\mysql-8.0\bin\mysqld.exe: ready for connections. Version: '8.0.31'  socket: ''  port: 3306  MySQL Community Server - GPL.
2022-12-09T12:27:54.727130Z 0 [System] [MY-013105] [Server] C:\WEB\bin\mysql-8.0\bin\mysqld.exe: Normal shutdown.
2022-12-09T12:27:56.009083Z 0 [System] [MY-010910] [Server] C:\WEB\bin\mysql-8.0\bin\mysqld.exe: Shutdown complete (mysqld 8.0.31)  MySQL Community Server - GPL.
2022-12-12T04:00:26.362635Z 0 [Warning] [MY-010915] [Server] 'NO_ZERO_DATE', 'NO_ZERO_IN_DATE' and 'ERROR_FOR_DIVISION_BY_ZERO' sql modes should be used with strict mode. They will be merged with strict mode in a future release.
2022-12-12T04:00:26.363935Z 0 [Warning] [MY-010918] [Server] 'default_authentication_plugin' is deprecated and will be removed in a future release. Please use authentication_policy instead.
2022-12-12T04:00:26.363969Z 0 [System] [MY-010116] [Server] C:\WEB\bin\mysql-8.0\bin\mysqld.exe (mysqld 8.0.31) starting as process 1952
2022-12-12T04:00:26.424950Z 1 [System] [MY-013576] [InnoDB] InnoDB initialization has started.
2022-12-12T04:00:26.834867Z 1 [System] [MY-013577] [InnoDB] InnoDB initialization has ended.
2022-12-12T04:00:27.289163Z 0 [Warning] [MY-010068] [Server] CA certificate ca.pem is self signed.
2022-12-12T04:00:27.290103Z 0 [System] [MY-013602] [Server] Channel mysql_main configured to support TLS. Encrypted connections are now supported for this channel.
2022-12-12T04:00:27.355090Z 0 [System] [MY-011323] [Server] X Plugin ready for connections. Bind-address: '::' port: 33060
2022-12-12T04:00:27.355290Z 0 [System] [MY-010931] [Server] C:\WEB\bin\mysql-8.0\bin\mysqld.exe: ready for connections. Version: '8.0.31'  socket: ''  port: 3306  MySQL Community Server - GPL.
2022-12-12T12:29:38.775959Z 0 [System] [MY-013105] [Server] C:\WEB\bin\mysql-8.0\bin\mysqld.exe: Normal shutdown.
2022-12-12T12:29:39.563719Z 0 [System] [MY-010910] [Server] C:\WEB\bin\mysql-8.0\bin\mysqld.exe: Shutdown complete (mysqld 8.0.31)  MySQL Community Server - GPL.
2022-12-13T05:27:05.975713Z 0 [Warning] [MY-010915] [Server] 'NO_ZERO_DATE', 'NO_ZERO_IN_DATE' and 'ERROR_FOR_DIVISION_BY_ZERO' sql modes should be used with strict mode. They will be merged with strict mode in a future release.
2022-12-13T05:27:05.975910Z 0 [Warning] [MY-010918] [Server] 'default_authentication_plugin' is deprecated and will be removed in a future release. Please use authentication_policy instead.
2022-12-13T05:27:05.975938Z 0 [System] [MY-010116] [Server] C:\WEB\bin\mysql-8.0\bin\mysqld.exe (mysqld 8.0.31) starting as process 9812
2022-12-13T05:27:05.998254Z 1 [System] [MY-013576] [InnoDB] InnoDB initialization has started.
2022-12-13T05:27:06.380348Z 1 [System] [MY-013577] [InnoDB] InnoDB initialization has ended.
2022-12-13T05:27:06.741217Z 0 [Warning] [MY-010068] [Server] CA certificate ca.pem is self signed.
2022-12-13T05:27:06.741628Z 0 [System] [MY-013602] [Server] Channel mysql_main configured to support TLS. Encrypted connections are now supported for this channel.
2022-12-13T05:27:06.801900Z 0 [System] [MY-011323] [Server] X Plugin ready for connections. Bind-address: '::' port: 33060
2022-12-13T05:27:06.802093Z 0 [System] [MY-010931] [Server] C:\WEB\bin\mysql-8.0\bin\mysqld.exe: ready for connections. Version: '8.0.31'  socket: ''  port: 3306  MySQL Community Server - GPL.
2022-12-13T10:22:32.833984Z 0 [System] [MY-013105] [Server] C:\WEB\bin\mysql-8.0\bin\mysqld.exe: Normal shutdown.
2022-12-13T10:22:33.673897Z 0 [System] [MY-010910] [Server] C:\WEB\bin\mysql-8.0\bin\mysqld.exe: Shutdown complete (mysqld 8.0.31)  MySQL Community Server - GPL.
2022-12-13T10:22:35.252165Z 0 [Warning] [MY-010915] [Server] 'NO_ZERO_DATE', 'NO_ZERO_IN_DATE' and 'ERROR_FOR_DIVISION_BY_ZERO' sql modes should be used with strict mode. They will be merged with strict mode in a future release.
2022-12-13T10:22:35.252365Z 0 [Warning] [MY-010918] [Server] 'default_authentication_plugin' is deprecated and will be removed in a future release. Please use authentication_policy instead.
2022-12-13T10:22:35.252392Z 0 [System] [MY-010116] [Server] C:\WEB\bin\mysql-8.0\bin\mysqld.exe (mysqld 8.0.31) starting as process 9840
2022-12-13T10:22:35.271496Z 1 [System] [MY-013576] [InnoDB] InnoDB initialization has started.
2022-12-13T10:22:35.700500Z 1 [System] [MY-013577] [InnoDB] InnoDB initialization has ended.
2022-12-13T10:22:36.028804Z 0 [Warning] [MY-010068] [Server] CA certificate ca.pem is self signed.
2022-12-13T10:22:36.029254Z 0 [System] [MY-013602] [Server] Channel mysql_main configured to support TLS. Encrypted connections are now supported for this channel.
2022-12-13T10:22:36.078650Z 0 [System] [MY-011323] [Server] X Plugin ready for connections. Bind-address: '::' port: 33060
2022-12-13T10:22:36.078879Z 0 [System] [MY-010931] [Server] C:\WEB\bin\mysql-8.0\bin\mysqld.exe: ready for connections. Version: '8.0.31'  socket: ''  port: 3306  MySQL Community Server - GPL.
2022-12-13T12:20:50.473366Z 0 [System] [MY-013105] [Server] C:\WEB\bin\mysql-8.0\bin\mysqld.exe: Normal shutdown.
2022-12-13T12:20:50.986494Z 0 [System] [MY-010910] [Server] C:\WEB\bin\mysql-8.0\bin\mysqld.exe: Shutdown complete (mysqld 8.0.31)  MySQL Community Server - GPL.
