2022-10-27T14:20:56.449769Z 0 [Warning] [MY-010915] [Server] 'NO_ZERO_DATE', 'NO_ZERO_IN_DATE' and 'ERROR_FOR_DIVISION_BY_ZERO' sql modes should be used with strict mode. They will be merged with strict mode in a future release.
2022-10-27T14:20:56.449960Z 0 [Warning] [MY-010918] [Server] 'default_authentication_plugin' is deprecated and will be removed in a future release. Please use authentication_policy instead.
2022-10-27T14:20:56.449987Z 0 [System] [MY-013169] [Server] C:\WEB\bin\mysql-8.0\bin\mysqld.exe (mysqld 8.0.31) initializing of server in progress as process 1204
2022-10-27T14:20:56.468590Z 1 [System] [MY-013576] [InnoDB] InnoDB initialization has started.
2022-10-27T14:20:56.742719Z 1 [System] [MY-013577] [InnoDB] InnoDB initialization has ended.
2022-10-27T14:20:57.407879Z 6 [Warning] [MY-010453] [Server] root@localhost is created with an empty password ! Please consider switching off the --initialize-insecure option.
2022-10-27T14:21:21.045156Z 0 [Warning] [MY-010915] [Server] 'NO_ZERO_DATE', 'NO_ZERO_IN_DATE' and 'ERROR_FOR_DIVISION_BY_ZERO' sql modes should be used with strict mode. They will be merged with strict mode in a future release.
2022-10-27T14:21:21.045339Z 0 [Warning] [MY-010918] [Server] 'default_authentication_plugin' is deprecated and will be removed in a future release. Please use authentication_policy instead.
2022-10-27T14:21:21.045369Z 0 [System] [MY-010116] [Server] C:\WEB\bin\mysql-8.0\bin\mysqld.exe (mysqld 8.0.31) starting as process 9952
2022-10-27T14:21:21.057779Z 1 [System] [MY-013576] [InnoDB] InnoDB initialization has started.
2022-10-27T14:21:21.240341Z 1 [System] [MY-013577] [InnoDB] InnoDB initialization has ended.
2022-10-27T14:21:21.525168Z 0 [Warning] [MY-010068] [Server] CA certificate ca.pem is self signed.
2022-10-27T14:21:21.525719Z 0 [System] [MY-013602] [Server] Channel mysql_main configured to support TLS. Encrypted connections are now supported for this channel.
2022-10-27T14:21:21.563213Z 0 [System] [MY-011323] [Server] X Plugin ready for connections. Bind-address: '::' port: 33060
2022-10-27T14:21:21.563297Z 0 [System] [MY-010931] [Server] C:\WEB\bin\mysql-8.0\bin\mysqld.exe: ready for connections. Version: '8.0.31'  socket: ''  port: 3306  MySQL Community Server - GPL.
2022-11-27T11:55:39.908221Z 0 [Warning] [MY-010915] [Server] 'NO_ZERO_DATE', 'NO_ZERO_IN_DATE' and 'ERROR_FOR_DIVISION_BY_ZERO' sql modes should be used with strict mode. They will be merged with strict mode in a future release.
2022-11-27T11:55:39.909585Z 0 [Warning] [MY-010918] [Server] 'default_authentication_plugin' is deprecated and will be removed in a future release. Please use authentication_policy instead.
2022-11-27T11:55:39.909618Z 0 [System] [MY-010116] [Server] C:\WEB\bin\mysql-8.0\bin\mysqld.exe (mysqld 8.0.31) starting as process 5596
2022-11-27T11:55:39.954665Z 1 [System] [MY-013576] [InnoDB] InnoDB initialization has started.
2022-11-27T11:55:40.523275Z 1 [System] [MY-013577] [InnoDB] InnoDB initialization has ended.
2022-11-27T11:55:40.866716Z 0 [System] [MY-010229] [Server] Starting XA crash recovery...
2022-11-27T11:55:40.873256Z 0 [System] [MY-010232] [Server] XA crash recovery finished.
2022-11-27T11:55:41.105301Z 0 [Warning] [MY-010068] [Server] CA certificate ca.pem is self signed.
2022-11-27T11:55:41.105709Z 0 [System] [MY-013602] [Server] Channel mysql_main configured to support TLS. Encrypted connections are now supported for this channel.
2022-11-27T11:55:41.139676Z 0 [System] [MY-011323] [Server] X Plugin ready for connections. Bind-address: '::' port: 33060
2022-11-27T11:55:41.139754Z 0 [System] [MY-010931] [Server] C:\WEB\bin\mysql-8.0\bin\mysqld.exe: ready for connections. Version: '8.0.31'  socket: ''  port: 3306  MySQL Community Server - GPL.
2022-11-28T14:26:03.601808Z 0 [Warning] [MY-010915] [Server] 'NO_ZERO_DATE', 'NO_ZERO_IN_DATE' and 'ERROR_FOR_DIVISION_BY_ZERO' sql modes should be used with strict mode. They will be merged with strict mode in a future release.
2022-11-28T14:26:03.603054Z 0 [Warning] [MY-010918] [Server] 'default_authentication_plugin' is deprecated and will be removed in a future release. Please use authentication_policy instead.
2022-11-28T14:26:03.603088Z 0 [System] [MY-010116] [Server] C:\WEB\bin\mysql-8.0\bin\mysqld.exe (mysqld 8.0.31) starting as process 5340
2022-11-28T14:26:03.648255Z 1 [System] [MY-013576] [InnoDB] InnoDB initialization has started.
2022-11-28T14:26:04.134392Z 1 [System] [MY-013577] [InnoDB] InnoDB initialization has ended.
2022-11-28T14:26:04.330778Z 0 [System] [MY-010229] [Server] Starting XA crash recovery...
2022-11-28T14:26:04.337945Z 0 [System] [MY-010232] [Server] XA crash recovery finished.
2022-11-28T14:26:04.440227Z 0 [Warning] [MY-010068] [Server] CA certificate ca.pem is self signed.
2022-11-28T14:26:04.440649Z 0 [System] [MY-013602] [Server] Channel mysql_main configured to support TLS. Encrypted connections are now supported for this channel.
2022-11-28T14:26:04.470921Z 0 [System] [MY-011323] [Server] X Plugin ready for connections. Bind-address: '::' port: 33060
2022-11-28T14:26:04.471006Z 0 [System] [MY-010931] [Server] C:\WEB\bin\mysql-8.0\bin\mysqld.exe: ready for connections. Version: '8.0.31'  socket: ''  port: 3306  MySQL Community Server - GPL.
2022-12-01T14:56:41.390439Z 0 [Warning] [MY-010915] [Server] 'NO_ZERO_DATE', 'NO_ZERO_IN_DATE' and 'ERROR_FOR_DIVISION_BY_ZERO' sql modes should be used with strict mode. They will be merged with strict mode in a future release.
2022-12-01T14:56:41.390657Z 0 [Warning] [MY-010918] [Server] 'default_authentication_plugin' is deprecated and will be removed in a future release. Please use authentication_policy instead.
2022-12-01T14:56:41.390687Z 0 [System] [MY-010116] [Server] C:\WEB\bin\mysql-8.0\bin\mysqld.exe (mysqld 8.0.31) starting as process 11476
2022-12-01T14:56:41.405690Z 1 [System] [MY-013576] [InnoDB] InnoDB initialization has started.
2022-12-01T14:56:41.630130Z 1 [System] [MY-013577] [InnoDB] InnoDB initialization has ended.
2022-12-01T14:56:41.800687Z 0 [Warning] [MY-010068] [Server] CA certificate ca.pem is self signed.
2022-12-01T14:56:41.801131Z 0 [System] [MY-013602] [Server] Channel mysql_main configured to support TLS. Encrypted connections are now supported for this channel.
2022-12-01T14:56:41.838152Z 0 [System] [MY-011323] [Server] X Plugin ready for connections. Bind-address: '::' port: 33060
2022-12-01T14:56:41.838242Z 0 [System] [MY-010931] [Server] C:\WEB\bin\mysql-8.0\bin\mysqld.exe: ready for connections. Version: '8.0.31'  socket: ''  port: 3306  MySQL Community Server - GPL.
2022-12-02T15:42:55.300116Z 0 [Warning] [MY-010915] [Server] 'NO_ZERO_DATE', 'NO_ZERO_IN_DATE' and 'ERROR_FOR_DIVISION_BY_ZERO' sql modes should be used with strict mode. They will be merged with strict mode in a future release.
2022-12-02T15:42:55.300302Z 0 [Warning] [MY-010918] [Server] 'default_authentication_plugin' is deprecated and will be removed in a future release. Please use authentication_policy instead.
2022-12-02T15:42:55.300331Z 0 [System] [MY-010116] [Server] C:\WEB\bin\mysql-8.0\bin\mysqld.exe (mysqld 8.0.31) starting as process 15772
2022-12-02T15:42:55.315615Z 1 [System] [MY-013576] [InnoDB] InnoDB initialization has started.
2022-12-02T15:42:55.704154Z 1 [System] [MY-013577] [InnoDB] InnoDB initialization has ended.
2022-12-02T15:42:55.850460Z 0 [System] [MY-010229] [Server] Starting XA crash recovery...
2022-12-02T15:42:55.855955Z 0 [System] [MY-010232] [Server] XA crash recovery finished.
2022-12-02T15:42:55.880343Z 0 [Warning] [MY-010068] [Server] CA certificate ca.pem is self signed.
2022-12-02T15:42:55.880842Z 0 [System] [MY-013602] [Server] Channel mysql_main configured to support TLS. Encrypted connections are now supported for this channel.
2022-12-02T15:42:55.908456Z 0 [System] [MY-011323] [Server] X Plugin ready for connections. Bind-address: '::' port: 33060
2022-12-02T15:42:55.908568Z 0 [System] [MY-010931] [Server] C:\WEB\bin\mysql-8.0\bin\mysqld.exe: ready for connections. Version: '8.0.31'  socket: ''  port: 3306  MySQL Community Server - GPL.
2022-12-04T18:55:06.253220Z 0 [System] [MY-013105] [Server] C:\WEB\bin\mysql-8.0\bin\mysqld.exe: Normal shutdown.
2022-12-04T18:55:07.369354Z 0 [System] [MY-010910] [Server] C:\WEB\bin\mysql-8.0\bin\mysqld.exe: Shutdown complete (mysqld 8.0.31)  MySQL Community Server - GPL.
